2025-11-28 00:14:16 [SpringApplicationShutdownHook] INFO  o.s.o.j.LocalContainerEntityManagerFactoryBean - Closing JPA EntityManagerFactory for persistence unit 'default'
2025-11-28 00:14:16 [SpringApplicationShutdownHook] INFO  com.zaxxer.hikari.HikariDataSource - HikariPool-1 - Shutdown initiated...
2025-11-28 00:14:16 [SpringApplicationShutdownHook] INFO  com.zaxxer.hikari.HikariDataSource - HikariPool-1 - Shutdown completed.
2025-11-28 00:16:15 [main] INFO  c.mailshop_dragonvu.AppApplication - Starting AppApplication using Java 23.0.2 with PID 4656 (D:\Job Freelance\mailshop_dragonvu\backend\target\classes started by ADMIN in D:\Job Freelance\mailshop_dragonvu\backend)
2025-11-28 00:16:15 [main] DEBUG c.mailshop_dragonvu.AppApplication - Running with Spring Boot v3.2.0, Spring v6.1.1
2025-11-28 00:16:15 [main] INFO  c.mailshop_dragonvu.AppApplication - No active profile set, falling back to 1 default profile: "default"
2025-11-28 00:16:17 [main] INFO  o.s.d.r.c.RepositoryConfigurationDelegate - Multiple Spring Data modules found, entering strict repository configuration mode
2025-11-28 00:16:17 [main] INFO  o.s.d.r.c.RepositoryConfigurationDelegate - Bootstrapping Spring Data JPA repositories in DEFAULT mode.
2025-11-28 00:16:17 [main] INFO  o.s.d.r.c.RepositoryConfigurationDelegate - Finished Spring Data repository scanning in 283 ms. Found 12 JPA repository interfaces.
2025-11-28 00:16:17 [main] INFO  o.s.d.r.c.RepositoryConfigurationDelegate - Multiple Spring Data modules found, entering strict repository configuration mode
2025-11-28 00:16:17 [main] INFO  o.s.d.r.c.RepositoryConfigurationDelegate - Bootstrapping Spring Data Redis repositories in DEFAULT mode.
2025-11-28 00:16:17 [main] INFO  o.s.d.r.c.RepositoryConfigurationExtensionSupport - Spring Data Redis - Could not safely identify store assignment for repository candidate interface com.mailshop_dragonvu.repository.ApiKeyRepository; If you want this repository to be a Redis repository, consider annotating your entities with one of these annotations: org.springframework.data.redis.core.RedisHash (preferred), or consider extending one of the following types with your repository: org.springframework.data.keyvalue.repository.KeyValueRepository
2025-11-28 00:16:17 [main] INFO  o.s.d.r.c.RepositoryConfigurationExtensionSupport - Spring Data Redis - Could not safely identify store assignment for repository candidate interface com.mailshop_dragonvu.repository.CategoryRepository; If you want this repository to be a Redis repository, consider annotating your entities with one of these annotations: org.springframework.data.redis.core.RedisHash (preferred), or consider extending one of the following types with your repository: org.springframework.data.keyvalue.repository.KeyValueRepository
2025-11-28 00:16:17 [main] INFO  o.s.d.r.c.RepositoryConfigurationExtensionSupport - Spring Data Redis - Could not safely identify store assignment for repository candidate interface com.mailshop_dragonvu.repository.EmailLogRepository; If you want this repository to be a Redis repository, consider annotating your entities with one of these annotations: org.springframework.data.redis.core.RedisHash (preferred), or consider extending one of the following types with your repository: org.springframework.data.keyvalue.repository.KeyValueRepository
2025-11-28 00:16:17 [main] INFO  o.s.d.r.c.RepositoryConfigurationExtensionSupport - Spring Data Redis - Could not safely identify store assignment for repository candidate interface com.mailshop_dragonvu.repository.OrderItemRepository; If you want this repository to be a Redis repository, consider annotating your entities with one of these annotations: org.springframework.data.redis.core.RedisHash (preferred), or consider extending one of the following types with your repository: org.springframework.data.keyvalue.repository.KeyValueRepository
2025-11-28 00:16:17 [main] INFO  o.s.d.r.c.RepositoryConfigurationExtensionSupport - Spring Data Redis - Could not safely identify store assignment for repository candidate interface com.mailshop_dragonvu.repository.OrderRepository; If you want this repository to be a Redis repository, consider annotating your entities with one of these annotations: org.springframework.data.redis.core.RedisHash (preferred), or consider extending one of the following types with your repository: org.springframework.data.keyvalue.repository.KeyValueRepository
2025-11-28 00:16:17 [main] INFO  o.s.d.r.c.RepositoryConfigurationExtensionSupport - Spring Data Redis - Could not safely identify store assignment for repository candidate interface com.mailshop_dragonvu.repository.ProductItemRepository; If you want this repository to be a Redis repository, consider annotating your entities with one of these annotations: org.springframework.data.redis.core.RedisHash (preferred), or consider extending one of the following types with your repository: org.springframework.data.keyvalue.repository.KeyValueRepository
2025-11-28 00:16:17 [main] INFO  o.s.d.r.c.RepositoryConfigurationExtensionSupport - Spring Data Redis - Could not safely identify store assignment for repository candidate interface com.mailshop_dragonvu.repository.ProductRepository; If you want this repository to be a Redis repository, consider annotating your entities with one of these annotations: org.springframework.data.redis.core.RedisHash (preferred), or consider extending one of the following types with your repository: org.springframework.data.keyvalue.repository.KeyValueRepository
2025-11-28 00:16:17 [main] INFO  o.s.d.r.c.RepositoryConfigurationExtensionSupport - Spring Data Redis - Could not safely identify store assignment for repository candidate interface com.mailshop_dragonvu.repository.RefreshTokenRepository; If you want this repository to be a Redis repository, consider annotating your entities with one of these annotations: org.springframework.data.redis.core.RedisHash (preferred), or consider extending one of the following types with your repository: org.springframework.data.keyvalue.repository.KeyValueRepository
2025-11-28 00:16:17 [main] INFO  o.s.d.r.c.RepositoryConfigurationExtensionSupport - Spring Data Redis - Could not safely identify store assignment for repository candidate interface com.mailshop_dragonvu.repository.RoleRepository; If you want this repository to be a Redis repository, consider annotating your entities with one of these annotations: org.springframework.data.redis.core.RedisHash (preferred), or consider extending one of the following types with your repository: org.springframework.data.keyvalue.repository.KeyValueRepository
2025-11-28 00:16:17 [main] INFO  o.s.d.r.c.RepositoryConfigurationExtensionSupport - Spring Data Redis - Could not safely identify store assignment for repository candidate interface com.mailshop_dragonvu.repository.TransactionRepository; If you want this repository to be a Redis repository, consider annotating your entities with one of these annotations: org.springframework.data.redis.core.RedisHash (preferred), or consider extending one of the following types with your repository: org.springframework.data.keyvalue.repository.KeyValueRepository
2025-11-28 00:16:17 [main] INFO  o.s.d.r.c.RepositoryConfigurationExtensionSupport - Spring Data Redis - Could not safely identify store assignment for repository candidate interface com.mailshop_dragonvu.repository.UserRepository; If you want this repository to be a Redis repository, consider annotating your entities with one of these annotations: org.springframework.data.redis.core.RedisHash (preferred), or consider extending one of the following types with your repository: org.springframework.data.keyvalue.repository.KeyValueRepository
2025-11-28 00:16:17 [main] INFO  o.s.d.r.c.RepositoryConfigurationExtensionSupport - Spring Data Redis - Could not safely identify store assignment for repository candidate interface com.mailshop_dragonvu.repository.WalletRepository; If you want this repository to be a Redis repository, consider annotating your entities with one of these annotations: org.springframework.data.redis.core.RedisHash (preferred), or consider extending one of the following types with your repository: org.springframework.data.keyvalue.repository.KeyValueRepository
2025-11-28 00:16:17 [main] INFO  o.s.d.r.c.RepositoryConfigurationDelegate - Finished Spring Data repository scanning in 15 ms. Found 0 Redis repository interfaces.
2025-11-28 00:16:19 [main] INFO  o.s.b.w.e.tomcat.TomcatWebServer - Tomcat initialized with port 8080 (http)
2025-11-28 00:16:19 [main] INFO  o.a.catalina.core.StandardService - Starting service [Tomcat]
2025-11-28 00:16:19 [main] INFO  o.a.catalina.core.StandardEngine - Starting Servlet engine: [Apache Tomcat/10.1.16]
2025-11-28 00:16:19 [main] INFO  o.a.c.c.C.[Tomcat].[localhost].[/] - Initializing Spring embedded WebApplicationContext
2025-11-28 00:16:19 [main] INFO  o.s.b.w.s.c.ServletWebServerApplicationContext - Root WebApplicationContext: initialization completed in 3751 ms
2025-11-28 00:16:20 [main] INFO  o.h.jpa.internal.util.LogHelper - HHH000204: Processing PersistenceUnitInfo [name: default]
2025-11-28 00:16:20 [main] INFO  org.hibernate.Version - HHH000412: Hibernate ORM core version 6.3.1.Final
2025-11-28 00:16:20 [main] INFO  o.h.c.i.RegionFactoryInitiator - HHH000026: Second-level cache disabled
2025-11-28 00:16:20 [main] INFO  o.s.o.j.p.SpringPersistenceUnitInfo - No LoadTimeWeaver setup: ignoring JPA class transformer
2025-11-28 00:16:20 [main] INFO  com.zaxxer.hikari.HikariDataSource - HikariPool-1 - Starting...
2025-11-28 00:16:20 [main] INFO  com.zaxxer.hikari.pool.HikariPool - HikariPool-1 - Added connection com.mysql.cj.jdbc.ConnectionImpl@2f025e9e
2025-11-28 00:16:20 [main] INFO  com.zaxxer.hikari.HikariDataSource - HikariPool-1 - Start completed.
2025-11-28 00:16:22 [main] INFO  o.h.e.t.j.p.i.JtaPlatformInitiator - HHH000489: No JTA platform available (set 'hibernate.transaction.jta.platform' to enable JTA platform integration)
2025-11-28 00:16:22 [main] INFO  o.s.o.j.LocalContainerEntityManagerFactoryBean - Initialized JPA EntityManagerFactory for persistence unit 'default'
2025-11-28 00:16:23 [main] INFO  o.s.d.j.r.query.QueryEnhancerFactory - Hibernate is in classpath; If applicable, HQL parser will be used.
2025-11-28 00:16:24 [main] DEBUG c.m.security.JwtAuthenticationFilter - Filter 'jwtAuthenticationFilter' configured for use
2025-11-28 00:16:24 [main] DEBUG c.m.security.RateLimitingFilter - Filter 'rateLimitingFilter' configured for use
2025-11-28 00:16:24 [main] DEBUG c.m.s.ApiKeyAuthenticationFilter - Filter 'apiKeyAuthenticationFilter' configured for use
2025-11-28 00:16:28 [main] WARN  o.s.b.a.o.j.JpaBaseConfiguration$JpaWebConfiguration - spring.jpa.open-in-view is enabled by default. Therefore, database queries may be performed during view rendering. Explicitly configure spring.jpa.open-in-view to disable this warning
2025-11-28 00:16:29 [main] INFO  o.s.b.a.e.web.EndpointLinksResolver - Exposing 3 endpoint(s) beneath base path '/actuator'
2025-11-28 00:16:29 [main] INFO  o.s.s.web.DefaultSecurityFilterChain - Will secure any request with [org.springframework.security.web.session.DisableEncodeUrlFilter@75cecab7, org.springframework.security.web.context.request.async.WebAsyncManagerIntegrationFilter@7ebc160d, org.springframework.security.web.context.SecurityContextHolderFilter@6795bfdc, org.springframework.security.web.header.HeaderWriterFilter@6bf1f6a9, org.springframework.web.filter.CorsFilter@37a13152, org.springframework.security.web.authentication.logout.LogoutFilter@4e904542, com.mailshop_dragonvu.security.RateLimitingFilter@ba86c53, com.mailshop_dragonvu.security.ApiKeyAuthenticationFilter@789f27e5, com.mailshop_dragonvu.security.JwtAuthenticationFilter@5e5db72e, org.springframework.security.web.savedrequest.RequestCacheAwareFilter@4275ec8f, org.springframework.security.web.servletapi.SecurityContextHolderAwareRequestFilter@296c2483, org.springframework.security.web.authentication.AnonymousAuthenticationFilter@5074dd7, org.springframework.security.web.session.SessionManagementFilter@94fab8f, org.springframework.security.web.access.ExceptionTranslationFilter@27a11b5b, org.springframework.security.web.access.intercept.AuthorizationFilter@3c986e06]
2025-11-28 00:16:30 [main] INFO  o.s.b.w.e.tomcat.TomcatWebServer - Tomcat started on port 8080 (http) with context path ''
2025-11-28 00:16:30 [main] INFO  c.mailshop_dragonvu.AppApplication - Started AppApplication in 16.126 seconds (process running for 17.609)
2025-11-28 00:16:30 [main] INFO  c.m.config.DataSeeder - === [START] DATA SEEDING ===
2025-11-28 00:16:30 [main] INFO  c.m.config.DataSeeder - [ROLE] Checking & seeding roles...
2025-11-28 00:16:30 [main] DEBUG org.hibernate.SQL - 
    /* <criteria> */ select
        re1_0.id,
        re1_0.created_at,
        re1_0.description,
        re1_0.name,
        re1_0.updated_at 
    from
        roles re1_0 
    where
        re1_0.name=?
2025-11-28 00:16:31 [main] INFO  c.m.config.DataSeeder - [ROLE] OK => USER
2025-11-28 00:16:31 [main] DEBUG org.hibernate.SQL - 
    /* <criteria> */ select
        re1_0.id,
        re1_0.created_at,
        re1_0.description,
        re1_0.name,
        re1_0.updated_at 
    from
        roles re1_0 
    where
        re1_0.name=?
2025-11-28 00:16:31 [main] INFO  c.m.config.DataSeeder - [ROLE] OK => ADMIN
2025-11-28 00:16:31 [main] INFO  c.m.config.DataSeeder - [ADMIN] Checking admin user...
2025-11-28 00:16:31 [main] DEBUG org.hibernate.SQL - 
    /* <criteria> */ select
        ue1_0.id 
    from
        users ue1_0 
    where
        ue1_0.email=? 
    limit
        ?
2025-11-28 00:16:31 [main] INFO  c.m.config.DataSeeder - [ADMIN] Already exists, skip
2025-11-28 00:16:31 [main] INFO  c.m.config.DataSeeder - === [DONE] DATA SEEDING ===
2025-11-28 00:16:31 [RMI TCP Connection(4)-172.20.10.3] INFO  o.a.c.c.C.[Tomcat].[localhost].[/] - Initializing Spring DispatcherServlet 'dispatcherServlet'
2025-11-28 00:16:31 [RMI TCP Connection(4)-172.20.10.3] INFO  o.s.web.servlet.DispatcherServlet - Initializing Servlet 'dispatcherServlet'
2025-11-28 00:16:31 [RMI TCP Connection(4)-172.20.10.3] INFO  o.s.web.servlet.DispatcherServlet - Completed initialization in 6 ms
2025-11-28 00:16:34 [RMI TCP Connection(5)-172.20.10.3] WARN  o.s.b.a.mail.MailHealthIndicator - Mail health check failed
jakarta.mail.AuthenticationFailedException: 535-5.7.8 Username and Password not accepted. For more information, go to
535 5.7.8  https://support.google.com/mail/?p=BadCredentials d2e1a72fcca58-7d15e9c3dfcsm2457172b3a.40 - gsmtp

	at org.eclipse.angus.mail.smtp.SMTPTransport$Authenticator.authenticate(SMTPTransport.java:954)
	at org.eclipse.angus.mail.smtp.SMTPTransport.authenticate(SMTPTransport.java:865)
	at org.eclipse.angus.mail.smtp.SMTPTransport.protocolConnect(SMTPTransport.java:769)
	at jakarta.mail.Service.connect(Service.java:345)
	at org.springframework.mail.javamail.JavaMailSenderImpl.connectTransport(JavaMailSenderImpl.java:480)
	at org.springframework.mail.javamail.JavaMailSenderImpl.testConnection(JavaMailSenderImpl.java:360)
	at org.springframework.boot.actuate.mail.MailHealthIndicator.doHealthCheck(MailHealthIndicator.java:52)
	at org.springframework.boot.actuate.health.AbstractHealthIndicator.health(AbstractHealthIndicator.java:82)
	at org.springframework.boot.actuate.health.HealthIndicator.getHealth(HealthIndicator.java:37)
	at org.springframework.boot.actuate.health.HealthEndpoint.getHealth(HealthEndpoint.java:82)
	at org.springframework.boot.actuate.health.HealthEndpoint.getHealth(HealthEndpoint.java:41)
	at org.springframework.boot.actuate.health.HealthEndpointSupport.getLoggedHealth(HealthEndpointSupport.java:172)
	at org.springframework.boot.actuate.health.HealthEndpointSupport.getContribution(HealthEndpointSupport.java:145)
	at org.springframework.boot.actuate.health.HealthEndpointSupport.getAggregateContribution(HealthEndpointSupport.java:156)
	at org.springframework.boot.actuate.health.HealthEndpointSupport.getContribution(HealthEndpointSupport.java:141)
	at org.springframework.boot.actuate.health.HealthEndpointSupport.getHealth(HealthEndpointSupport.java:110)
	at org.springframework.boot.actuate.health.HealthEndpointSupport.getHealth(HealthEndpointSupport.java:81)
	at org.springframework.boot.actuate.health.HealthEndpoint.health(HealthEndpoint.java:76)
	at org.springframework.boot.actuate.health.HealthEndpoint.health(HealthEndpoint.java:66)
	at java.base/jdk.internal.reflect.DirectMethodHandleAccessor.invoke(DirectMethodHandleAccessor.java:103)
	at java.base/java.lang.reflect.Method.invoke(Method.java:580)
	at org.springframework.util.ReflectionUtils.invokeMethod(ReflectionUtils.java:281)
	at org.springframework.boot.actuate.endpoint.invoke.reflect.ReflectiveOperationInvoker.invoke(ReflectiveOperationInvoker.java:74)
	at org.springframework.boot.actuate.endpoint.annotation.AbstractDiscoveredOperation.invoke(AbstractDiscoveredOperation.java:60)
	at org.springframework.boot.actuate.endpoint.jmx.EndpointMBean.invoke(EndpointMBean.java:124)
	at org.springframework.boot.actuate.endpoint.jmx.EndpointMBean.invoke(EndpointMBean.java:97)
	at java.management/com.sun.jmx.interceptor.DefaultMBeanServerInterceptor.invoke(DefaultMBeanServerInterceptor.java:803)
	at java.management/com.sun.jmx.mbeanserver.JmxMBeanServer.invoke(JmxMBeanServer.java:802)
	at java.management.rmi/javax.management.remote.rmi.RMIConnectionImpl.doOperation(RMIConnectionImpl.java:1520)
	at java.management.rmi/javax.management.remote.rmi.RMIConnectionImpl$PrivilegedOperation.run(RMIConnectionImpl.java:1348)
	at java.management.rmi/javax.management.remote.rmi.RMIConnectionImpl.doPrivilegedOperation(RMIConnectionImpl.java:1435)
	at java.management.rmi/javax.management.remote.rmi.RMIConnectionImpl.invoke(RMIConnectionImpl.java:841)
	at java.base/jdk.internal.reflect.DirectMethodHandleAccessor.invoke(DirectMethodHandleAccessor.java:103)
	at java.base/java.lang.reflect.Method.invoke(Method.java:580)
	at java.rmi/sun.rmi.server.UnicastServerRef.dispatch(UnicastServerRef.java:360)
	at java.rmi/sun.rmi.transport.Transport$1.run(Transport.java:200)
	at java.rmi/sun.rmi.transport.Transport$1.run(Transport.java:197)
	at java.base/java.security.AccessController.doPrivileged(AccessController.java:714)
	at java.rmi/sun.rmi.transport.Transport.serviceCall(Transport.java:196)
	at java.rmi/sun.rmi.transport.tcp.TCPTransport.handleMessages(TCPTransport.java:598)
	at java.rmi/sun.rmi.transport.tcp.TCPTransport$ConnectionHandler.run0(TCPTransport.java:844)
	at java.rmi/sun.rmi.transport.tcp.TCPTransport$ConnectionHandler.lambda$run$0(TCPTransport.java:721)
	at java.base/java.security.AccessController.doPrivileged(AccessController.java:400)
	at java.rmi/sun.rmi.transport.tcp.TCPTransport$ConnectionHandler.run(TCPTransport.java:720)
	at java.base/java.util.concurrent.ThreadPoolExecutor.runWorker(ThreadPoolExecutor.java:1144)
	at java.base/java.util.concurrent.ThreadPoolExecutor$Worker.run(ThreadPoolExecutor.java:642)
	at java.base/java.lang.Thread.run(Thread.java:1575)
2025-11-28 00:16:36 [http-nio-8080-exec-1] WARN  o.s.w.s.h.HandlerMappingIntrospector - Cache miss for REQUEST dispatch to '/api/v1/categories/search' (previous null). Performing MatchableHandlerMapping lookup. This is logged once only at WARN level, and every time at TRACE.
2025-11-28 00:16:36 [http-nio-8080-exec-1] WARN  org.hibernate.orm.query - HHH90003004: firstResult/maxResults specified with collection fetch; applying in memory
2025-11-28 00:16:36 [http-nio-8080-exec-1] DEBUG org.hibernate.SQL - 
    /* SELECT
        c 
    FROM
        CategoryEntity c 
    WHERE
        (
            :name IS NULL 
            OR LOWER(c.name) LIKE LOWER(CONCAT('%', :name, '%'))
        ) 
        AND (
            :status IS NULL 
            OR c.status = :status
        ) 
    order by
        c.id desc */ select
            ce1_0.id,
            ce1_0.created_at,
            ce1_0.description,
            ce1_0.name,
            p1_0.category_id,
            p1_0.id,
            p1_0.country,
            p1_0.created_at,
            p1_0.description,
            p1_0.live_time,
            p1_0.name,
            p1_0.price,
            p1_0.status,
            p1_0.updated_at,
            ce1_0.status,
            ce1_0.updated_at 
        from
            categories ce1_0 
        left join
            products p1_0 
                on ce1_0.id=p1_0.category_id 
        where
            (
                ? is null 
                or lower(ce1_0.name) like lower(concat('%', ?, '%')) escape ''
            ) 
            and (
                ? is null 
                or ce1_0.status=?
            ) 
        order by
            ce1_0.id desc
2025-11-28 00:16:36 [http-nio-8080-exec-1] DEBUG org.hibernate.SQL - 
    /* SELECT
        COUNT(pi) 
    FROM
        ProductItemEntity pi 
    WHERE
        pi.product.id = :productId 
        AND pi.sold = false */ select
            count(pie1_0.id) 
        from
            product_items pie1_0 
        where
            pie1_0.product_id=? 
            and pie1_0.sold=0
2025-11-28 00:16:36 [http-nio-8080-exec-1] DEBUG org.hibernate.SQL - 
    /* SELECT
        COUNT(pi) 
    FROM
        ProductItemEntity pi 
    WHERE
        pi.product.id = :productId 
        AND pi.sold = false */ select
            count(pie1_0.id) 
        from
            product_items pie1_0 
        where
            pie1_0.product_id=? 
            and pie1_0.sold=0
2025-11-28 00:16:36 [http-nio-8080-exec-1] DEBUG org.hibernate.SQL - 
    /* SELECT
        COUNT(pi) 
    FROM
        ProductItemEntity pi 
    WHERE
        pi.product.id = :productId 
        AND pi.sold = false */ select
            count(pie1_0.id) 
        from
            product_items pie1_0 
        where
            pie1_0.product_id=? 
            and pie1_0.sold=0
2025-11-28 00:16:36 [http-nio-8080-exec-1] DEBUG org.hibernate.SQL - 
    /* SELECT
        COUNT(pi) 
    FROM
        ProductItemEntity pi 
    WHERE
        pi.product.id = :productId 
        AND pi.sold = false */ select
            count(pie1_0.id) 
        from
            product_items pie1_0 
        where
            pie1_0.product_id=? 
            and pie1_0.sold=0
2025-11-28 00:17:24 [http-nio-8080-exec-5] DEBUG org.hibernate.SQL - 
    /* <criteria> */ select
        ue1_0.id,
        ue1_0.address,
        ue1_0.auth_provider,
        ue1_0.avatar_url,
        ue1_0.created_at,
        ue1_0.email,
        ue1_0.email_verified,
        ue1_0.full_name,
        ue1_0.password,
        ue1_0.phone,
        ue1_0.provider_id,
        ue1_0.status,
        ue1_0.updated_at 
    from
        users ue1_0 
    where
        ue1_0.email=?
2025-11-28 00:17:24 [http-nio-8080-exec-6] DEBUG org.hibernate.SQL - 
    /* <criteria> */ select
        ue1_0.id,
        ue1_0.address,
        ue1_0.auth_provider,
        ue1_0.avatar_url,
        ue1_0.created_at,
        ue1_0.email,
        ue1_0.email_verified,
        ue1_0.full_name,
        ue1_0.password,
        ue1_0.phone,
        ue1_0.provider_id,
        ue1_0.status,
        ue1_0.updated_at 
    from
        users ue1_0 
    where
        ue1_0.email=?
2025-11-28 00:17:24 [http-nio-8080-exec-6] DEBUG org.hibernate.SQL - 
    select
        rte1_0.id,
        rte1_0.created_at,
        rte1_0.expiry_date,
        rte1_0.revoked,
        rte1_0.token,
        rte1_0.updated_at,
        rte1_0.user_id 
    from
        refresh_tokens rte1_0 
    where
        rte1_0.user_id=?
2025-11-28 00:17:24 [http-nio-8080-exec-5] DEBUG org.hibernate.SQL - 
    select
        rte1_0.id,
        rte1_0.created_at,
        rte1_0.expiry_date,
        rte1_0.revoked,
        rte1_0.token,
        rte1_0.updated_at,
        rte1_0.user_id 
    from
        refresh_tokens rte1_0 
    where
        rte1_0.user_id=?
2025-11-28 00:17:24 [http-nio-8080-exec-6] DEBUG org.hibernate.SQL - 
    select
        r1_0.user_id,
        r1_1.id,
        r1_1.created_at,
        r1_1.description,
        r1_1.name,
        r1_1.updated_at 
    from
        user_roles r1_0 
    join
        roles r1_1 
            on r1_1.id=r1_0.role_id 
    where
        r1_0.user_id=?
2025-11-28 00:17:24 [http-nio-8080-exec-5] DEBUG org.hibernate.SQL - 
    select
        r1_0.user_id,
        r1_1.id,
        r1_1.created_at,
        r1_1.description,
        r1_1.name,
        r1_1.updated_at 
    from
        user_roles r1_0 
    join
        roles r1_1 
            on r1_1.id=r1_0.role_id 
    where
        r1_0.user_id=?
2025-11-28 00:17:24 [http-nio-8080-exec-6] DEBUG c.m.security.JwtAuthenticationFilter - Set authentication for user: admin@mailshop.com
2025-11-28 00:17:24 [http-nio-8080-exec-5] DEBUG c.m.security.JwtAuthenticationFilter - Set authentication for user: admin@mailshop.com
2025-11-28 00:17:24 [http-nio-8080-exec-6] WARN  org.hibernate.orm.query - HHH90003004: firstResult/maxResults specified with collection fetch; applying in memory
2025-11-28 00:17:24 [http-nio-8080-exec-6] DEBUG org.hibernate.SQL - 
    /* SELECT
        c 
    FROM
        CategoryEntity c 
    WHERE
        (
            :name IS NULL 
            OR LOWER(c.name) LIKE LOWER(CONCAT('%', :name, '%'))
        ) 
        AND (
            :status IS NULL 
            OR c.status = :status
        ) 
    order by
        c.id desc */ select
            ce1_0.id,
            ce1_0.created_at,
            ce1_0.description,
            ce1_0.name,
            p1_0.category_id,
            p1_0.id,
            p1_0.country,
            p1_0.created_at,
            p1_0.description,
            p1_0.live_time,
            p1_0.name,
            p1_0.price,
            p1_0.status,
            p1_0.updated_at,
            ce1_0.status,
            ce1_0.updated_at 
        from
            categories ce1_0 
        left join
            products p1_0 
                on ce1_0.id=p1_0.category_id 
        where
            (
                ? is null 
                or lower(ce1_0.name) like lower(concat('%', ?, '%')) escape ''
            ) 
            and (
                ? is null 
                or ce1_0.status=?
            ) 
        order by
            ce1_0.id desc
2025-11-28 00:17:24 [http-nio-8080-exec-5] DEBUG org.hibernate.SQL - 
    /* SELECT
        w 
    FROM
        WalletEntity w 
    WHERE
        w.user.id = :userId */ select
            we1_0.id,
            we1_0.balance,
            we1_0.created_at,
            we1_0.is_locked,
            we1_0.lock_reason,
            we1_0.total_deposited,
            we1_0.total_spent,
            we1_0.updated_at,
            we1_0.user_id 
        from
            wallets we1_0 
        where
            we1_0.user_id=?
2025-11-28 00:17:24 [http-nio-8080-exec-6] DEBUG org.hibernate.SQL - 
    /* SELECT
        COUNT(pi) 
    FROM
        ProductItemEntity pi 
    WHERE
        pi.product.id = :productId 
        AND pi.sold = false */ select
            count(pie1_0.id) 
        from
            product_items pie1_0 
        where
            pie1_0.product_id=? 
            and pie1_0.sold=0
2025-11-28 00:17:24 [http-nio-8080-exec-6] DEBUG org.hibernate.SQL - 
    /* SELECT
        COUNT(pi) 
    FROM
        ProductItemEntity pi 
    WHERE
        pi.product.id = :productId 
        AND pi.sold = false */ select
            count(pie1_0.id) 
        from
            product_items pie1_0 
        where
            pie1_0.product_id=? 
            and pie1_0.sold=0
2025-11-28 00:17:24 [http-nio-8080-exec-6] DEBUG org.hibernate.SQL - 
    /* SELECT
        COUNT(pi) 
    FROM
        ProductItemEntity pi 
    WHERE
        pi.product.id = :productId 
        AND pi.sold = false */ select
            count(pie1_0.id) 
        from
            product_items pie1_0 
        where
            pie1_0.product_id=? 
            and pie1_0.sold=0
2025-11-28 00:17:24 [http-nio-8080-exec-6] DEBUG org.hibernate.SQL - 
    /* SELECT
        COUNT(pi) 
    FROM
        ProductItemEntity pi 
    WHERE
        pi.product.id = :productId 
        AND pi.sold = false */ select
            count(pie1_0.id) 
        from
            product_items pie1_0 
        where
            pie1_0.product_id=? 
            and pie1_0.sold=0
2025-11-28 00:19:17 [HikariPool-1 housekeeper] WARN  com.zaxxer.hikari.pool.HikariPool - HikariPool-1 - Thread starvation or clock leap detected (housekeeper delta=56s589ms221µs700ns).
2025-11-28 00:19:52 [http-nio-8080-exec-10] DEBUG org.hibernate.SQL - 
    /* <criteria> */ select
        ue1_0.id,
        ue1_0.address,
        ue1_0.auth_provider,
        ue1_0.avatar_url,
        ue1_0.created_at,
        ue1_0.email,
        ue1_0.email_verified,
        ue1_0.full_name,
        ue1_0.password,
        ue1_0.phone,
        ue1_0.provider_id,
        ue1_0.status,
        ue1_0.updated_at 
    from
        users ue1_0 
    where
        ue1_0.email=?
2025-11-28 00:19:53 [http-nio-8080-exec-10] DEBUG org.hibernate.SQL - 
    /* <criteria> */ select
        re1_0.id,
        re1_0.created_at,
        re1_0.description,
        re1_0.name,
        re1_0.updated_at 
    from
        roles re1_0 
    where
        re1_0.name=?
2025-11-28 00:19:53 [http-nio-8080-exec-10] DEBUG org.hibernate.SQL - 
    /* insert for
        com.mailshop_dragonvu.entity.UserEntity */insert 
    into
        users (address, auth_provider, avatar_url, created_at, email, email_verified, full_name, password, phone, provider_id, status, updated_at) 
    values
        (?, ?, ?, ?, ?, ?, ?, ?, ?, ?, ?, ?)
2025-11-28 00:20:25 [http-nio-8080-exec-10] DEBUG org.hibernate.SQL - 
    /* insert for
        com.mailshop_dragonvu.entity.RefreshTokenEntity */insert 
    into
        refresh_tokens (created_at, expiry_date, revoked, token, updated_at, user_id) 
    values
        (?, ?, ?, ?, ?, ?)
2025-11-28 00:20:28 [http-nio-8080-exec-10] DEBUG org.hibernate.SQL - 
    /* insert for
        com.mailshop_dragonvu.entity.UserEntity.roles */insert 
    into
        user_roles (user_id, role_id) 
    values
        (?, ?)
2025-11-28 00:20:28 [http-nio-8080-exec-1] DEBUG org.hibernate.SQL - 
    /* <criteria> */ select
        ue1_0.id,
        ue1_0.address,
        ue1_0.auth_provider,
        ue1_0.avatar_url,
        ue1_0.created_at,
        ue1_0.email,
        ue1_0.email_verified,
        ue1_0.full_name,
        ue1_0.password,
        ue1_0.phone,
        ue1_0.provider_id,
        ue1_0.status,
        ue1_0.updated_at 
    from
        users ue1_0 
    where
        ue1_0.email=?
2025-11-28 00:20:28 [http-nio-8080-exec-1] DEBUG org.hibernate.SQL - 
    select
        rte1_0.id,
        rte1_0.created_at,
        rte1_0.expiry_date,
        rte1_0.revoked,
        rte1_0.token,
        rte1_0.updated_at,
        rte1_0.user_id 
    from
        refresh_tokens rte1_0 
    where
        rte1_0.user_id=?
2025-11-28 00:20:28 [http-nio-8080-exec-1] DEBUG org.hibernate.SQL - 
    select
        r1_0.user_id,
        r1_1.id,
        r1_1.created_at,
        r1_1.description,
        r1_1.name,
        r1_1.updated_at 
    from
        user_roles r1_0 
    join
        roles r1_1 
            on r1_1.id=r1_0.role_id 
    where
        r1_0.user_id=?
2025-11-28 00:20:28 [http-nio-8080-exec-1] DEBUG c.m.security.JwtAuthenticationFilter - Set authentication for user: datgt1103@gmail.com
2025-11-28 00:20:28 [http-nio-8080-exec-1] DEBUG org.hibernate.SQL - 
    /* SELECT
        w 
    FROM
        WalletEntity w 
    WHERE
        w.user.id = :userId */ select
            we1_0.id,
            we1_0.balance,
            we1_0.created_at,
            we1_0.is_locked,
            we1_0.lock_reason,
            we1_0.total_deposited,
            we1_0.total_spent,
            we1_0.updated_at,
            we1_0.user_id 
        from
            wallets we1_0 
        where
            we1_0.user_id=?
2025-11-28 00:20:28 [http-nio-8080-exec-1] ERROR c.m.exception.GlobalExceptionHandler - Business exception: 10000 - Không tìm thấy ví
2025-11-28 00:20:48 [http-nio-8080-exec-2] WARN  org.hibernate.orm.query - HHH90003004: firstResult/maxResults specified with collection fetch; applying in memory
2025-11-28 00:20:48 [http-nio-8080-exec-2] DEBUG org.hibernate.SQL - 
    /* SELECT
        c 
    FROM
        CategoryEntity c 
    WHERE
        (
            :name IS NULL 
            OR LOWER(c.name) LIKE LOWER(CONCAT('%', :name, '%'))
        ) 
        AND (
            :status IS NULL 
            OR c.status = :status
        ) 
    order by
        c.id desc */ select
            ce1_0.id,
            ce1_0.created_at,
            ce1_0.description,
            ce1_0.name,
            p1_0.category_id,
            p1_0.id,
            p1_0.country,
            p1_0.created_at,
            p1_0.description,
            p1_0.live_time,
            p1_0.name,
            p1_0.price,
            p1_0.status,
            p1_0.updated_at,
            ce1_0.status,
            ce1_0.updated_at 
        from
            categories ce1_0 
        left join
            products p1_0 
                on ce1_0.id=p1_0.category_id 
        where
            (
                ? is null 
                or lower(ce1_0.name) like lower(concat('%', ?, '%')) escape ''
            ) 
            and (
                ? is null 
                or ce1_0.status=?
            ) 
        order by
            ce1_0.id desc
2025-11-28 00:20:48 [http-nio-8080-exec-2] DEBUG org.hibernate.SQL - 
    /* SELECT
        COUNT(pi) 
    FROM
        ProductItemEntity pi 
    WHERE
        pi.product.id = :productId 
        AND pi.sold = false */ select
            count(pie1_0.id) 
        from
            product_items pie1_0 
        where
            pie1_0.product_id=? 
            and pie1_0.sold=0
2025-11-28 00:20:48 [http-nio-8080-exec-2] DEBUG org.hibernate.SQL - 
    /* SELECT
        COUNT(pi) 
    FROM
        ProductItemEntity pi 
    WHERE
        pi.product.id = :productId 
        AND pi.sold = false */ select
            count(pie1_0.id) 
        from
            product_items pie1_0 
        where
            pie1_0.product_id=? 
            and pie1_0.sold=0
2025-11-28 00:20:48 [http-nio-8080-exec-2] DEBUG org.hibernate.SQL - 
    /* SELECT
        COUNT(pi) 
    FROM
        ProductItemEntity pi 
    WHERE
        pi.product.id = :productId 
        AND pi.sold = false */ select
            count(pie1_0.id) 
        from
            product_items pie1_0 
        where
            pie1_0.product_id=? 
            and pie1_0.sold=0
2025-11-28 00:20:48 [http-nio-8080-exec-2] DEBUG org.hibernate.SQL - 
    /* SELECT
        COUNT(pi) 
    FROM
        ProductItemEntity pi 
    WHERE
        pi.product.id = :productId 
        AND pi.sold = false */ select
            count(pie1_0.id) 
        from
            product_items pie1_0 
        where
            pie1_0.product_id=? 
            and pie1_0.sold=0
2025-11-28 00:20:51 [http-nio-8080-exec-4] DEBUG org.hibernate.SQL - 
    /* <criteria> */ select
        ue1_0.id,
        ue1_0.address,
        ue1_0.auth_provider,
        ue1_0.avatar_url,
        ue1_0.created_at,
        ue1_0.email,
        ue1_0.email_verified,
        ue1_0.full_name,
        ue1_0.password,
        ue1_0.phone,
        ue1_0.provider_id,
        ue1_0.status,
        ue1_0.updated_at 
    from
        users ue1_0 
    where
        ue1_0.email=?
2025-11-28 00:20:51 [http-nio-8080-exec-4] DEBUG org.hibernate.SQL - 
    select
        rte1_0.id,
        rte1_0.created_at,
        rte1_0.expiry_date,
        rte1_0.revoked,
        rte1_0.token,
        rte1_0.updated_at,
        rte1_0.user_id 
    from
        refresh_tokens rte1_0 
    where
        rte1_0.user_id=?
2025-11-28 00:20:51 [http-nio-8080-exec-4] DEBUG org.hibernate.SQL - 
    select
        r1_0.user_id,
        r1_1.id,
        r1_1.created_at,
        r1_1.description,
        r1_1.name,
        r1_1.updated_at 
    from
        user_roles r1_0 
    join
        roles r1_1 
            on r1_1.id=r1_0.role_id 
    where
        r1_0.user_id=?
2025-11-28 00:20:51 [http-nio-8080-exec-4] DEBUG c.m.security.JwtAuthenticationFilter - Set authentication for user: datgt1103@gmail.com
2025-11-28 00:20:51 [http-nio-8080-exec-4] DEBUG org.hibernate.SQL - 
    /* SELECT
        w 
    FROM
        WalletEntity w 
    WHERE
        w.user.id = :userId */ select
            we1_0.id,
            we1_0.balance,
            we1_0.created_at,
            we1_0.is_locked,
            we1_0.lock_reason,
            we1_0.total_deposited,
            we1_0.total_spent,
            we1_0.updated_at,
            we1_0.user_id 
        from
            wallets we1_0 
        where
            we1_0.user_id=?
2025-11-28 00:20:51 [http-nio-8080-exec-4] ERROR c.m.exception.GlobalExceptionHandler - Business exception: 10000 - Không tìm thấy ví
2025-11-28 00:24:57 [SpringApplicationShutdownHook] INFO  o.s.o.j.LocalContainerEntityManagerFactoryBean - Closing JPA EntityManagerFactory for persistence unit 'default'
2025-11-28 00:24:57 [SpringApplicationShutdownHook] INFO  com.zaxxer.hikari.HikariDataSource - HikariPool-1 - Shutdown initiated...
2025-11-28 00:24:57 [SpringApplicationShutdownHook] INFO  com.zaxxer.hikari.HikariDataSource - HikariPool-1 - Shutdown completed.
